2018-06-19 10:37:32,661 - INFO - Received ready request
2018-06-19 10:37:32,674 - INFO - Received event notification
2018-06-19 10:37:32,675 - INFO - Starting JediHTTP server
2018-06-19 10:37:32,677 - INFO - using port 56499
2018-06-19 10:37:32,677 - INFO - Received event notification
2018-06-19 10:37:32,678 - INFO - Adding buffer identifiers for file: /home/tim/ReinforcementLearning/src/ExperienceReplay/trainingExample.py
2018-06-19 10:37:32,777 - INFO - Received filetype completion available request
2018-06-19 10:40:40,552 - INFO - Received completion request
2018-06-19 10:40:40,658 - INFO - Received event notification
2018-06-19 10:40:40,663 - INFO - Received completion request
2018-06-19 10:40:40,664 - INFO - Adding ONE buffer identifier for file: /home/tim/ReinforcementLearning/src/ExperienceReplay/trainingExample.py
2018-06-19 10:40:53,540 - INFO - Received completion request
2018-06-19 10:40:53,645 - INFO - Received completion request
2018-06-19 10:40:54,552 - INFO - Received completion request
2018-06-19 10:40:54,794 - INFO - Received completion request
2018-06-19 10:40:54,889 - INFO - Received completion request
2018-06-19 10:41:00,559 - INFO - Received event notification
2018-06-19 10:41:00,565 - INFO - Adding ONE buffer identifier for file: /home/tim/ReinforcementLearning/src/ExperienceReplay/trainingExample.py
2018-06-19 10:41:00,567 - INFO - Received completion request
2018-06-19 10:41:04,430 - INFO - Received completion request
2018-06-19 10:41:05,476 - INFO - Received completion request
2018-06-19 10:41:05,710 - INFO - Received completion request
2018-06-19 10:41:06,090 - INFO - Received completion request
2018-06-19 10:41:06,376 - INFO - Received completion request
2018-06-19 10:41:06,524 - INFO - Received completion request
2018-06-19 10:41:06,650 - INFO - Received completion request
2018-06-19 10:41:07,599 - INFO - Received event notification
2018-06-19 10:41:07,602 - INFO - Received completion request
2018-06-19 10:41:07,603 - INFO - Adding ONE buffer identifier for file: /home/tim/ReinforcementLearning/src/ExperienceReplay/trainingExample.py
2018-06-19 10:41:09,243 - INFO - Received event notification
2018-06-19 10:41:09,253 - INFO - Received event notification
2018-06-19 10:41:09,253 - INFO - Adding buffer identifiers for file: /home/tim/ReinforcementLearning/src/ExperienceReplay/trainingExample.py
2018-06-19 10:41:21,726 - INFO - Received event notification
2018-06-19 10:41:21,727 - INFO - Adding buffer identifiers for file: /home/tim/ReinforcementLearning/src/ExperienceReplay/trainingExample.py
2018-06-19 10:42:18,755 - INFO - Received event notification
2018-06-19 10:42:18,761 - INFO - Adding ONE buffer identifier for file: /home/tim/ReinforcementLearning/src/ExperienceReplay/trainingExample.py
2018-06-19 10:42:22,007 - INFO - Received event notification
2018-06-19 10:42:22,017 - INFO - Adding ONE buffer identifier for file: /home/tim/ReinforcementLearning/src/ExperienceReplay/trainingExample.py
2018-06-19 10:42:26,189 - INFO - Received completion request
2018-06-19 10:42:26,309 - INFO - Received completion request
2018-06-19 10:42:26,487 - INFO - Received completion request
2018-06-19 10:42:26,633 - INFO - Received event notification
2018-06-19 10:42:26,639 - INFO - Received completion request
2018-06-19 10:42:26,642 - INFO - Adding ONE buffer identifier for file: /home/tim/ReinforcementLearning/src/ExperienceReplay/trainingExample.py
2018-06-19 10:42:27,652 - INFO - Received completion request
2018-06-19 10:42:27,844 - INFO - Received completion request
2018-06-19 10:42:28,009 - INFO - Received completion request
2018-06-19 10:42:28,030 - INFO - Received completion request
2018-06-19 10:42:28,173 - INFO - Received event notification
2018-06-19 10:42:28,183 - INFO - Adding ONE buffer identifier for file: /home/tim/ReinforcementLearning/src/ExperienceReplay/trainingExample.py
2018-06-19 10:42:28,348 - INFO - Received event notification
2018-06-19 10:42:28,360 - INFO - Adding ONE buffer identifier for file: /home/tim/ReinforcementLearning/src/ExperienceReplay/trainingExample.py
2018-06-19 10:42:28,500 - INFO - Received event notification
2018-06-19 10:42:28,511 - INFO - Adding ONE buffer identifier for file: /home/tim/ReinforcementLearning/src/ExperienceReplay/trainingExample.py
2018-06-19 10:42:29,191 - INFO - Received event notification
2018-06-19 10:42:29,203 - INFO - Adding ONE buffer identifier for file: /home/tim/ReinforcementLearning/src/ExperienceReplay/trainingExample.py
2018-06-19 10:42:29,887 - INFO - Received completion request
2018-06-19 10:42:29,966 - INFO - Received completion request
2018-06-19 10:42:30,097 - INFO - Received completion request
2018-06-19 10:42:30,166 - INFO - Received event notification
2018-06-19 10:42:30,170 - INFO - Received completion request
2018-06-19 10:42:30,176 - INFO - Adding ONE buffer identifier for file: /home/tim/ReinforcementLearning/src/ExperienceReplay/trainingExample.py
2018-06-19 10:42:39,685 - INFO - Received completion request
2018-06-19 10:42:39,789 - INFO - Received completion request
2018-06-19 10:42:40,018 - INFO - Received completion request
2018-06-19 10:42:40,036 - INFO - Received completion request
2018-06-19 10:42:40,148 - INFO - Received completion request
2018-06-19 10:42:40,387 - INFO - Received event notification
2018-06-19 10:42:40,398 - INFO - Received completion request
2018-06-19 10:42:40,404 - INFO - Adding ONE buffer identifier for file: /home/tim/ReinforcementLearning/src/ExperienceReplay/trainingExample.py
2018-06-19 10:42:40,623 - INFO - Received completion request
2018-06-19 10:42:40,780 - INFO - Received completion request
2018-06-19 10:42:41,012 - INFO - Received event notification
2018-06-19 10:42:41,016 - INFO - Received completion request
2018-06-19 10:42:41,019 - INFO - Adding ONE buffer identifier for file: /home/tim/ReinforcementLearning/src/ExperienceReplay/trainingExample.py
2018-06-19 10:42:43,018 - INFO - Received completion request
2018-06-19 10:42:43,293 - INFO - Received completion request
2018-06-19 10:42:43,413 - INFO - Received completion request
2018-06-19 10:42:43,629 - INFO - Received completion request
2018-06-19 10:42:43,814 - INFO - Received event notification
2018-06-19 10:42:43,820 - INFO - Received completion request
2018-06-19 10:42:43,826 - INFO - Starting new HTTP connection (1): 127.0.0.1
2018-06-19 10:42:43,827 - INFO - Adding ONE buffer identifier for file: /home/tim/ReinforcementLearning/src/ExperienceReplay/trainingExample.py
2018-06-19 10:42:46,046 - INFO - Received completion request
2018-06-19 10:42:46,340 - INFO - Received completion request
2018-06-19 10:42:46,619 - INFO - Received completion request
2018-06-19 10:42:46,846 - INFO - Received completion request
2018-06-19 10:42:46,996 - INFO - Received completion request
2018-06-19 10:42:48,735 - INFO - Received event notification
2018-06-19 10:42:48,746 - INFO - Received completion request
2018-06-19 10:42:48,750 - INFO - Adding ONE buffer identifier for file: /home/tim/ReinforcementLearning/src/ExperienceReplay/trainingExample.py
2018-06-19 10:42:49,156 - INFO - Received event notification
2018-06-19 10:42:49,160 - INFO - Adding ONE buffer identifier for file: /home/tim/ReinforcementLearning/src/ExperienceReplay/trainingExample.py
2018-06-19 10:42:52,772 - INFO - Received completion request
2018-06-19 10:42:52,903 - INFO - Received completion request
2018-06-19 10:42:53,120 - INFO - Received completion request
2018-06-19 10:42:53,254 - INFO - Received completion request
2018-06-19 10:42:53,275 - INFO - Received completion request
2018-06-19 10:42:53,798 - INFO - Received completion request
2018-06-19 10:42:53,944 - INFO - Received completion request
2018-06-19 10:42:54,649 - INFO - Received completion request
2018-06-19 10:42:54,670 - INFO - Received completion request
2018-06-19 10:42:54,800 - INFO - Received event notification
2018-06-19 10:42:54,809 - INFO - Adding ONE buffer identifier for file: /home/tim/ReinforcementLearning/src/ExperienceReplay/trainingExample.py
2018-06-19 10:42:55,909 - INFO - Received event notification
2018-06-19 10:42:55,912 - INFO - Adding ONE buffer identifier for file: /home/tim/ReinforcementLearning/src/ExperienceReplay/trainingExample.py
2018-06-19 10:42:56,168 - INFO - Received event notification
2018-06-19 10:42:56,177 - INFO - Adding ONE buffer identifier for file: /home/tim/ReinforcementLearning/src/ExperienceReplay/trainingExample.py
2018-06-19 10:42:56,471 - INFO - Received event notification
2018-06-19 10:42:56,481 - INFO - Adding ONE buffer identifier for file: /home/tim/ReinforcementLearning/src/ExperienceReplay/trainingExample.py
2018-06-19 10:42:57,134 - INFO - Received event notification
2018-06-19 10:42:57,139 - INFO - Received completion request
2018-06-19 10:42:57,146 - INFO - Adding ONE buffer identifier for file: /home/tim/ReinforcementLearning/src/ExperienceReplay/trainingExample.py
2018-06-19 10:42:57,152 - INFO - Received completion request
2018-06-19 10:42:57,154 - INFO - Starting new HTTP connection (1): 127.0.0.1
2018-06-19 10:42:57,205 - INFO - Received completion request
2018-06-19 10:42:57,230 - INFO - Received completion request
2018-06-19 10:42:57,269 - INFO - Received completion request
2018-06-19 10:42:57,314 - INFO - Received completion request
2018-06-19 10:42:57,353 - INFO - Received completion request
2018-06-19 10:42:57,394 - INFO - Received completion request
2018-06-19 10:42:57,626 - INFO - Received completion request
2018-06-19 10:42:58,287 - INFO - Received event notification
2018-06-19 10:42:58,297 - INFO - Received completion request
2018-06-19 10:42:58,300 - INFO - Adding ONE buffer identifier for file: /home/tim/ReinforcementLearning/src/ExperienceReplay/trainingExample.py
2018-06-19 10:42:58,308 - INFO - Received completion request
2018-06-19 10:42:58,356 - INFO - Received completion request
2018-06-19 10:42:58,382 - INFO - Received completion request
2018-06-19 10:42:58,423 - INFO - Received completion request
2018-06-19 10:42:58,438 - INFO - Received completion request
2018-06-19 10:42:58,478 - INFO - Received event notification
2018-06-19 10:42:58,481 - INFO - Received completion request
2018-06-19 10:42:58,484 - INFO - Adding ONE buffer identifier for file: /home/tim/ReinforcementLearning/src/ExperienceReplay/trainingExample.py
2018-06-19 10:42:58,505 - INFO - Received completion request
2018-06-19 10:42:58,547 - INFO - Received completion request
2018-06-19 10:42:58,563 - INFO - Received completion request
2018-06-19 10:42:58,598 - INFO - Received event notification
2018-06-19 10:42:58,601 - INFO - Received completion request
2018-06-19 10:42:58,605 - INFO - Adding ONE buffer identifier for file: /home/tim/ReinforcementLearning/src/ExperienceReplay/trainingExample.py
2018-06-19 10:42:58,624 - INFO - Received completion request
2018-06-19 10:42:58,666 - INFO - Received completion request
2018-06-19 10:42:58,705 - INFO - Received completion request
2018-06-19 10:42:58,747 - INFO - Received completion request
2018-06-19 10:42:58,762 - INFO - Received completion request
2018-06-19 10:42:58,933 - INFO - Received event notification
2018-06-19 10:42:58,937 - INFO - Received completion request
2018-06-19 10:42:58,940 - INFO - Adding ONE buffer identifier for file: /home/tim/ReinforcementLearning/src/ExperienceReplay/trainingExample.py
2018-06-19 10:42:59,109 - INFO - Received completion request
2018-06-19 10:42:59,313 - INFO - Received completion request
2018-06-19 10:42:59,473 - INFO - Received completion request
2018-06-19 10:42:59,494 - INFO - Received completion request
2018-06-19 10:42:59,685 - INFO - Received event notification
2018-06-19 10:42:59,695 - INFO - Adding ONE buffer identifier for file: /home/tim/ReinforcementLearning/src/ExperienceReplay/trainingExample.py
2018-06-19 10:43:03,846 - INFO - Received completion request
2018-06-19 10:43:03,959 - INFO - Received completion request
2018-06-19 10:43:04,126 - INFO - Received completion request
2018-06-19 10:43:04,184 - INFO - Received event notification
2018-06-19 10:43:04,191 - INFO - Received completion request
2018-06-19 10:43:04,195 - INFO - Adding ONE buffer identifier for file: /home/tim/ReinforcementLearning/src/ExperienceReplay/trainingExample.py
2018-06-19 10:43:05,839 - INFO - Received completion request
2018-06-19 10:43:06,181 - INFO - Received event notification
2018-06-19 10:43:06,192 - INFO - Received completion request
2018-06-19 10:43:06,400 - INFO - Received completion request
2018-06-19 10:43:06,510 - INFO - Received completion request
2018-06-19 10:43:06,641 - INFO - Received event notification
2018-06-19 10:43:06,647 - INFO - Received completion request
2018-06-19 10:43:06,649 - INFO - Adding ONE buffer identifier for file: /home/tim/ReinforcementLearning/src/ExperienceReplay/trainingExample.py
2018-06-19 10:43:08,774 - INFO - Received completion request
2018-06-19 10:43:08,895 - INFO - Received completion request
2018-06-19 10:43:09,078 - INFO - Received completion request
2018-06-19 10:43:09,705 - INFO - Received completion request
2018-06-19 10:43:11,410 - INFO - Received completion request
2018-06-19 10:43:11,551 - INFO - Received completion request
2018-06-19 10:43:11,726 - INFO - Received completion request
2018-06-19 10:43:11,746 - INFO - Received completion request
2018-06-19 10:43:11,885 - INFO - Received event notification
2018-06-19 10:43:11,893 - INFO - Received completion request
2018-06-19 10:43:11,899 - INFO - Adding ONE buffer identifier for file: /home/tim/ReinforcementLearning/src/ExperienceReplay/trainingExample.py
2018-06-19 10:43:12,831 - INFO - Received completion request
2018-06-19 10:43:12,943 - INFO - Received completion request
2018-06-19 10:43:13,181 - INFO - Received completion request
2018-06-19 10:43:13,385 - INFO - Received completion request
2018-06-19 10:43:13,736 - INFO - Received event notification
2018-06-19 10:43:13,745 - INFO - Received completion request
2018-06-19 10:43:13,750 - INFO - Adding ONE buffer identifier for file: /home/tim/ReinforcementLearning/src/ExperienceReplay/trainingExample.py
2018-06-19 10:43:14,021 - INFO - Received event notification
2018-06-19 10:43:14,026 - INFO - Adding ONE buffer identifier for file: /home/tim/ReinforcementLearning/src/ExperienceReplay/trainingExample.py
2018-06-19 10:43:15,966 - INFO - Received completion request
2018-06-19 10:43:16,256 - INFO - Received completion request
2018-06-19 10:43:16,406 - INFO - Received completion request
2018-06-19 10:43:16,574 - INFO - Received completion request
2018-06-19 10:43:17,088 - INFO - Received event notification
2018-06-19 10:43:17,098 - INFO - Received completion request
2018-06-19 10:43:17,103 - INFO - Starting new HTTP connection (1): 127.0.0.1
2018-06-19 10:43:17,106 - INFO - Adding ONE buffer identifier for file: /home/tim/ReinforcementLearning/src/ExperienceReplay/trainingExample.py
2018-06-19 10:43:18,240 - INFO - Received completion request
2018-06-19 10:43:18,438 - INFO - Received completion request
2018-06-19 10:43:18,582 - INFO - Received completion request
2018-06-19 10:43:18,797 - INFO - Received completion request
2018-06-19 10:43:18,814 - INFO - Received completion request
2018-06-19 10:43:19,333 - INFO - Received completion request
2018-06-19 10:43:19,523 - INFO - Received completion request
2018-06-19 10:43:20,976 - INFO - Received event notification
2018-06-19 10:43:20,980 - INFO - Received completion request
2018-06-19 10:43:20,983 - INFO - Adding ONE buffer identifier for file: /home/tim/ReinforcementLearning/src/ExperienceReplay/trainingExample.py
2018-06-19 10:43:21,598 - INFO - Received completion request
2018-06-19 10:43:21,600 - INFO - Starting new HTTP connection (1): 127.0.0.1
2018-06-19 10:43:22,262 - INFO - Received event notification
2018-06-19 10:43:22,264 - INFO - Received completion request
2018-06-19 10:43:22,267 - INFO - Starting new HTTP connection (1): 127.0.0.1
2018-06-19 10:43:22,268 - INFO - Adding ONE buffer identifier for file: /home/tim/ReinforcementLearning/src/ExperienceReplay/trainingExample.py
2018-06-19 10:43:24,959 - INFO - Received completion request
2018-06-19 10:43:25,255 - INFO - Received completion request
2018-06-19 10:43:25,465 - INFO - Received completion request
2018-06-19 10:43:25,553 - INFO - Received completion request
2018-06-19 10:43:25,741 - INFO - Received completion request
2018-06-19 10:43:29,482 - INFO - Received event notification
2018-06-19 10:43:29,482 - INFO - Adding buffer identifiers for file: /home/tim/ReinforcementLearning/src/ExperienceReplay/trainingExample.py
2018-06-19 10:43:29,484 - INFO - Received event notification
2018-06-19 10:43:30,351 - INFO - Received completion request
2018-06-19 10:43:30,747 - INFO - Received completion request
2018-06-19 10:43:30,853 - INFO - Received completion request
2018-06-19 10:43:31,192 - INFO - Received completion request
2018-06-19 10:43:32,127 - INFO - Received event notification
2018-06-19 10:43:32,128 - INFO - Adding buffer identifiers for file: /home/tim/ReinforcementLearning/src/ExperienceReplay/trainingExample.py
2018-06-19 10:43:32,135 - INFO - Received event notification
2018-06-19 10:43:32,146 - INFO - Adding ONE buffer identifier for file: /home/tim/ReinforcementLearning/src/ExperienceReplay/trainingExample.py
2018-06-19 10:43:44,913 - INFO - Received event notification
2018-06-19 10:43:44,917 - INFO - Adding ONE buffer identifier for file: /home/tim/ReinforcementLearning/src/ExperienceReplay/trainingExample.py
2018-06-19 10:43:50,768 - INFO - Received event notification
2018-06-19 10:43:50,775 - INFO - Adding ONE buffer identifier for file: /home/tim/ReinforcementLearning/src/ExperienceReplay/trainingExample.py
2018-06-19 10:43:51,378 - INFO - Received event notification
2018-06-19 10:43:51,389 - INFO - Adding ONE buffer identifier for file: /home/tim/ReinforcementLearning/src/ExperienceReplay/trainingExample.py
2018-06-19 10:43:54,817 - INFO - Received event notification
2018-06-19 10:43:54,827 - INFO - Adding ONE buffer identifier for file: /home/tim/ReinforcementLearning/src/ExperienceReplay/trainingExample.py
2018-06-19 10:43:55,298 - INFO - Received event notification
2018-06-19 10:43:55,308 - INFO - Adding ONE buffer identifier for file: /home/tim/ReinforcementLearning/src/ExperienceReplay/trainingExample.py
2018-06-19 10:43:55,840 - INFO - Received event notification
2018-06-19 10:43:55,850 - INFO - Adding ONE buffer identifier for file: /home/tim/ReinforcementLearning/src/ExperienceReplay/trainingExample.py
2018-06-19 10:43:59,164 - INFO - Received event notification
2018-06-19 10:43:59,165 - INFO - Adding buffer identifiers for file: /home/tim/ReinforcementLearning/src/ExperienceReplay/trainingExample.py
2018-06-19 10:43:59,178 - INFO - Received event notification
2018-06-19 10:44:38,198 - INFO - Received event notification
2018-06-19 10:44:38,199 - INFO - Adding buffer identifiers for file: /home/tim/ReinforcementLearning/src/ExperienceReplay/trainingExample.py
2018-06-19 10:45:10,992 - INFO - Received completion request
2018-06-19 10:45:11,066 - INFO - Received completion request
2018-06-19 10:45:11,209 - INFO - Received completion request
2018-06-19 10:45:11,368 - INFO - Received completion request
2018-06-19 10:45:11,418 - INFO - Received completion request
2018-06-19 10:45:12,208 - INFO - Received event notification
2018-06-19 10:45:12,209 - INFO - Adding buffer identifiers for file: /home/tim/ReinforcementLearning/src/ExperienceReplay/trainingExample.py
2018-06-19 10:45:12,218 - INFO - Received event notification
2018-06-19 10:45:12,234 - INFO - Adding ONE buffer identifier for file: /home/tim/ReinforcementLearning/src/ExperienceReplay/trainingExample.py
2018-06-19 10:45:13,896 - INFO - Received event notification
2018-06-19 10:45:13,911 - INFO - Adding ONE buffer identifier for file: /home/tim/ReinforcementLearning/src/ExperienceReplay/trainingExample.py
2018-06-19 10:45:14,079 - INFO - Received event notification
2018-06-19 10:45:14,080 - INFO - Adding buffer identifiers for file: /home/tim/ReinforcementLearning/src/ExperienceReplay/trainingExample.py
2018-06-19 10:45:18,846 - INFO - Received event notification
2018-06-19 10:45:18,855 - INFO - Received completion request
2018-06-19 10:45:18,864 - INFO - Adding ONE buffer identifier for file: /home/tim/ReinforcementLearning/src/ExperienceReplay/trainingExample.py
2018-06-19 10:45:19,655 - INFO - Received event notification
2018-06-19 10:45:19,656 - INFO - Adding buffer identifiers for file: /home/tim/ReinforcementLearning/src/ExperienceReplay/trainingExample.py
2018-06-19 10:45:19,661 - INFO - Received event notification
2018-06-19 10:45:42,365 - INFO - Received event notification
2018-06-19 10:45:42,367 - INFO - Received completion request
2018-06-19 10:45:42,368 - INFO - Adding ONE buffer identifier for file: /home/tim/ReinforcementLearning/src/ExperienceReplay/trainingExample.py
2018-06-19 10:45:43,045 - INFO - Received completion request
2018-06-19 10:45:43,061 - INFO - Received completion request
2018-06-19 10:45:43,099 - INFO - Received completion request
2018-06-19 10:45:43,338 - INFO - Received completion request
2018-06-19 10:45:43,574 - INFO - Received completion request
2018-06-19 10:45:43,591 - INFO - Received completion request
2018-06-19 10:45:43,759 - INFO - Received event notification
2018-06-19 10:45:43,765 - INFO - Received completion request
2018-06-19 10:45:43,770 - INFO - Adding ONE buffer identifier for file: /home/tim/ReinforcementLearning/src/ExperienceReplay/trainingExample.py
2018-06-19 10:45:44,594 - INFO - Received completion request
2018-06-19 10:45:45,221 - INFO - Received event notification
2018-06-19 10:45:45,226 - INFO - Received completion request
2018-06-19 10:45:45,229 - INFO - Adding ONE buffer identifier for file: /home/tim/ReinforcementLearning/src/ExperienceReplay/trainingExample.py
2018-06-19 10:45:45,998 - INFO - Received event notification
2018-06-19 10:45:45,999 - INFO - Adding buffer identifiers for file: /home/tim/ReinforcementLearning/src/ExperienceReplay/trainingExample.py
2018-06-19 10:45:46,010 - INFO - Received event notification
2018-06-19 10:45:46,019 - INFO - Adding ONE buffer identifier for file: /home/tim/ReinforcementLearning/src/ExperienceReplay/trainingExample.py
2018-06-19 10:45:50,285 - INFO - Received event notification
2018-06-19 10:45:50,285 - INFO - Adding buffer identifiers for file: /home/tim/ReinforcementLearning/src/ExperienceReplay/trainingExample.py
2018-06-19 10:46:00,667 - INFO - Received completion request
2018-06-19 10:46:00,892 - INFO - Received completion request
2018-06-19 10:46:01,032 - INFO - Received completion request
2018-06-19 10:46:01,151 - INFO - Received completion request
2018-06-19 10:46:01,206 - INFO - Received completion request
2018-06-19 10:46:01,765 - INFO - Received event notification
2018-06-19 10:46:01,766 - INFO - Adding buffer identifiers for file: /home/tim/ReinforcementLearning/src/ExperienceReplay/trainingExample.py
2018-06-19 10:46:01,768 - INFO - Received event notification
2018-06-19 10:46:01,773 - INFO - Adding ONE buffer identifier for file: /home/tim/ReinforcementLearning/src/ExperienceReplay/trainingExample.py
2018-06-19 10:46:02,672 - INFO - Received event notification
2018-06-19 10:46:02,683 - INFO - Adding ONE buffer identifier for file: /home/tim/ReinforcementLearning/src/ExperienceReplay/trainingExample.py
2018-06-19 10:46:03,151 - INFO - Received event notification
2018-06-19 10:46:03,152 - INFO - Adding buffer identifiers for file: /home/tim/ReinforcementLearning/src/ExperienceReplay/trainingExample.py
2018-06-19 10:46:06,981 - INFO - Received event notification
2018-06-19 10:46:06,993 - INFO - Received completion request
2018-06-19 10:46:07,003 - INFO - Adding ONE buffer identifier for file: /home/tim/ReinforcementLearning/src/ExperienceReplay/trainingExample.py
2018-06-19 10:46:07,552 - INFO - Received event notification
2018-06-19 10:46:07,554 - INFO - Adding buffer identifiers for file: /home/tim/ReinforcementLearning/src/ExperienceReplay/trainingExample.py
2018-06-19 10:46:07,563 - INFO - Received event notification
2018-06-19 10:47:32,514 - INFO - Received health request
2018-06-19 10:47:32,692 - INFO - Starting new HTTP connection (1): 127.0.0.1
2018-06-19 10:47:39,440 - INFO - Received event notification
2018-06-19 10:47:39,443 - INFO - Adding ONE buffer identifier for file: /home/tim/ReinforcementLearning/src/ExperienceReplay/trainingExample.py
2018-06-19 10:47:40,399 - INFO - Received completion request
2018-06-19 10:47:40,497 - INFO - Received completion request
2018-06-19 10:47:40,649 - INFO - Received completion request
2018-06-19 10:47:40,694 - INFO - Received event notification
2018-06-19 10:47:40,696 - INFO - Received completion request
2018-06-19 10:47:40,698 - INFO - Adding ONE buffer identifier for file: /home/tim/ReinforcementLearning/src/ExperienceReplay/trainingExample.py
2018-06-19 10:47:44,063 - INFO - Received completion request
2018-06-19 10:47:44,185 - INFO - Received completion request
2018-06-19 10:47:44,623 - INFO - Received completion request
2018-06-19 10:47:44,816 - INFO - Received completion request
2018-06-19 10:47:44,832 - INFO - Received completion request
2018-06-19 10:47:45,013 - INFO - Received completion request
2018-06-19 10:47:45,103 - INFO - Received event notification
2018-06-19 10:47:45,109 - INFO - Received completion request
2018-06-19 10:47:45,113 - INFO - Adding ONE buffer identifier for file: /home/tim/ReinforcementLearning/src/ExperienceReplay/trainingExample.py
2018-06-19 10:47:45,286 - INFO - Received completion request
2018-06-19 10:47:45,412 - INFO - Received completion request
2018-06-19 10:47:45,504 - INFO - Received event notification
2018-06-19 10:47:45,510 - INFO - Received completion request
2018-06-19 10:47:45,514 - INFO - Adding ONE buffer identifier for file: /home/tim/ReinforcementLearning/src/ExperienceReplay/trainingExample.py
2018-06-19 10:47:46,275 - INFO - Received completion request
2018-06-19 10:47:46,379 - INFO - Received completion request
2018-06-19 10:47:46,893 - INFO - Received completion request
2018-06-19 10:47:46,910 - INFO - Received completion request
2018-06-19 10:47:47,010 - INFO - Received completion request
2018-06-19 10:47:47,866 - INFO - Received completion request
2018-06-19 10:47:49,172 - INFO - Received event notification
2018-06-19 10:47:49,174 - INFO - Received completion request
2018-06-19 10:47:49,176 - INFO - Adding ONE buffer identifier for file: /home/tim/ReinforcementLearning/src/ExperienceReplay/trainingExample.py
2018-06-19 10:47:49,496 - INFO - Received event notification
2018-06-19 10:47:49,499 - INFO - Adding ONE buffer identifier for file: /home/tim/ReinforcementLearning/src/ExperienceReplay/trainingExample.py
2018-06-19 10:47:52,580 - INFO - Received completion request
2018-06-19 10:47:52,675 - INFO - Received completion request
2018-06-19 10:47:52,858 - INFO - Received completion request
2018-06-19 10:47:53,002 - INFO - Received completion request
2018-06-19 10:47:55,135 - INFO - Received event notification
2018-06-19 10:47:55,138 - INFO - Received completion request
2018-06-19 10:47:55,140 - INFO - Starting new HTTP connection (1): 127.0.0.1
2018-06-19 10:47:55,141 - INFO - Adding ONE buffer identifier for file: /home/tim/ReinforcementLearning/src/ExperienceReplay/trainingExample.py
2018-06-19 10:47:55,345 - INFO - Received completion request
2018-06-19 10:47:55,480 - INFO - Received completion request
2018-06-19 10:47:55,640 - INFO - Received completion request
2018-06-19 10:47:59,386 - INFO - Received event notification
2018-06-19 10:47:59,387 - INFO - Adding buffer identifiers for file: /home/tim/ReinforcementLearning/src/ExperienceReplay/trainingExample.py
2018-06-19 10:47:59,389 - INFO - Received event notification
2018-06-19 10:48:06,031 - INFO - Received completion request
2018-06-19 10:48:06,268 - INFO - Received completion request
2018-06-19 10:48:06,446 - INFO - Received completion request
2018-06-19 10:48:06,627 - INFO - Received completion request
2018-06-19 10:48:07,887 - INFO - Received event notification
2018-06-19 10:48:07,889 - INFO - Received completion request
2018-06-19 10:48:07,891 - INFO - Starting new HTTP connection (1): 127.0.0.1
2018-06-19 10:48:07,892 - INFO - Adding ONE buffer identifier for file: /home/tim/ReinforcementLearning/src/ExperienceReplay/trainingExample.py
2018-06-19 10:48:08,610 - INFO - Received completion request
2018-06-19 10:48:10,147 - INFO - Received completion request
2018-06-19 10:48:10,384 - INFO - Received completion request
2018-06-19 10:48:10,560 - INFO - Received completion request
2018-06-19 10:48:10,643 - INFO - Received completion request
2018-06-19 10:48:15,130 - INFO - Received event notification
2018-06-19 10:48:15,132 - INFO - Adding buffer identifiers for file: /home/tim/ReinforcementLearning/src/ExperienceReplay/trainingExample.py
2018-06-19 10:48:15,144 - INFO - Received event notification
2018-06-19 10:48:15,806 - INFO - Received completion request
2018-06-19 10:48:16,038 - INFO - Received completion request
2018-06-19 10:48:16,703 - INFO - Received completion request
2018-06-19 10:48:18,848 - INFO - Received event notification
2018-06-19 10:48:18,850 - INFO - Adding buffer identifiers for file: /home/tim/ReinforcementLearning/src/ExperienceReplay/trainingExample.py
2018-06-19 10:48:18,861 - INFO - Received event notification
2018-06-19 10:48:18,875 - INFO - Adding ONE buffer identifier for file: /home/tim/ReinforcementLearning/src/ExperienceReplay/trainingExample.py
2018-06-19 10:48:22,926 - INFO - Received event notification
2018-06-19 10:48:22,929 - INFO - Adding ONE buffer identifier for file: /home/tim/ReinforcementLearning/src/ExperienceReplay/trainingExample.py
2018-06-19 10:48:23,758 - INFO - Received completion request
2018-06-19 10:48:24,213 - INFO - Received event notification
2018-06-19 10:48:24,216 - INFO - Adding ONE buffer identifier for file: /home/tim/ReinforcementLearning/src/ExperienceReplay/trainingExample.py
2018-06-19 10:48:24,399 - INFO - Received event notification
2018-06-19 10:48:24,409 - INFO - Adding ONE buffer identifier for file: /home/tim/ReinforcementLearning/src/ExperienceReplay/trainingExample.py
2018-06-19 10:48:26,206 - INFO - Received completion request
2018-06-19 10:48:26,728 - INFO - Received event notification
2018-06-19 10:48:26,730 - INFO - Received completion request
2018-06-19 10:48:27,071 - INFO - Received completion request
2018-06-19 10:48:27,197 - INFO - Received event notification
2018-06-19 10:48:27,205 - INFO - Adding ONE buffer identifier for file: /home/tim/ReinforcementLearning/src/ExperienceReplay/trainingExample.py
2018-06-19 10:48:27,995 - INFO - Received event notification
2018-06-19 10:48:27,997 - INFO - Adding buffer identifiers for file: /home/tim/ReinforcementLearning/src/ExperienceReplay/trainingExample.py
2018-06-19 10:48:28,005 - INFO - Received event notification
2018-06-19 10:48:38,505 - INFO - Received event notification
2018-06-19 10:48:38,505 - INFO - Adding buffer identifiers for file: /home/tim/ReinforcementLearning/src/ExperienceReplay/trainingExample.py
2018-06-19 10:48:45,266 - INFO - Received event notification
2018-06-19 10:48:45,267 - INFO - Adding buffer identifiers for file: /home/tim/ReinforcementLearning/src/ExperienceReplay/trainingExample.py
2018-06-19 10:48:51,037 - INFO - Received event notification
2018-06-19 10:48:51,040 - INFO - Adding ONE buffer identifier for file: /home/tim/ReinforcementLearning/src/ExperienceReplay/trainingExample.py
2018-06-19 10:48:53,311 - INFO - Received event notification
2018-06-19 10:48:53,312 - INFO - Adding buffer identifiers for file: /home/tim/ReinforcementLearning/src/ExperienceReplay/trainingExample.py
2018-06-19 10:48:53,322 - INFO - Received event notification
2018-06-19 10:48:54,118 - INFO - Received event notification
2018-06-19 10:48:54,119 - INFO - Adding buffer identifiers for file: /home/tim/ReinforcementLearning/src/ExperienceReplay/trainingExample.py
2018-06-19 10:49:00,041 - INFO - Received event notification
2018-06-19 10:49:00,042 - INFO - Adding buffer identifiers for file: /home/tim/ReinforcementLearning/src/ExperienceReplay/trainingExample.py
2018-06-19 10:49:00,042 - INFO - Received event notification
2018-06-19 10:49:01,211 - INFO - Received event notification
2018-06-19 10:51:10,426 - INFO - Received event notification
2018-06-19 10:51:10,427 - INFO - Adding buffer identifiers for file: /home/tim/ReinforcementLearning/src/ExperienceReplay/trainingExample.py
2018-06-19 10:51:31,157 - INFO - Received event notification
2018-06-19 10:51:31,161 - INFO - Adding buffer identifiers for file: /home/tim/ReinforcementLearning/src/ExperienceReplay/trainingExample.py
2018-06-19 10:51:38,414 - INFO - Received event notification
2018-06-19 10:51:38,415 - INFO - Adding buffer identifiers for file: /home/tim/ReinforcementLearning/src/ExperienceReplay/trainingExample.py
